Using pre-set license
Built from '2021.3/staging' branch; Version is '2021.3.0f1 (6eacc8284459) revision 7253192'; Using compiler version '192829333'; Build Type 'Release'
OS: 'Windows 10  (10.0.19043) 64bit Core' Language: 'en' Physical Memory: 32640 MB
BatchMode: 1, IsHumanControllingUs: 0, StartBugReporterOnCrash: 0, Is64bit: 1, IsPro: 1

COMMAND LINE ARGUMENTS:
D:\programs\UNITY_EDITORS\2021.3.0f1\Editor\Unity.exe
-adb2
-batchMode
-noUpm
-name
AssetImportWorker0
-projectPath
D:/projects/GitHub/SimpleUnityHelperScripts/SimpleUnityHelperScripts
-logFile
Logs/AssetImportWorker0.log
-srvPort
50207
Successfully changed project path to: D:/projects/GitHub/SimpleUnityHelperScripts/SimpleUnityHelperScripts
D:/projects/GitHub/SimpleUnityHelperScripts/SimpleUnityHelperScripts
[UnityMemory] Configuration Parameters - Can be set up in boot.config
    "memorysetup-bucket-allocator-granularity=16"
    "memorysetup-bucket-allocator-bucket-count=8"
    "memorysetup-bucket-allocator-block-size=33554432"
    "memorysetup-bucket-allocator-block-count=8"
    "memorysetup-main-allocator-block-size=16777216"
    "memorysetup-thread-allocator-block-size=16777216"
    "memorysetup-gfx-main-allocator-block-size=16777216"
    "memorysetup-gfx-thread-allocator-block-size=16777216"
    "memorysetup-cache-allocator-block-size=4194304"
    "memorysetup-typetree-allocator-block-size=2097152"
    "memorysetup-profiler-bucket-allocator-granularity=16"
    "memorysetup-profiler-bucket-allocator-bucket-count=8"
    "memorysetup-profiler-bucket-allocator-block-size=33554432"
    "memorysetup-profiler-bucket-allocator-block-count=8"
    "memorysetup-profiler-allocator-block-size=16777216"
    "memorysetup-profiler-editor-allocator-block-size=1048576"
    "memorysetup-temp-allocator-size-main=16777216"
    "memorysetup-job-temp-allocator-block-size=2097152"
    "memorysetup-job-temp-allocator-block-size-background=1048576"
    "memorysetup-job-temp-allocator-reduction-small-platforms=262144"
    "memorysetup-temp-allocator-size-background-worker=32768"
    "memorysetup-temp-allocator-size-job-worker=262144"
    "memorysetup-temp-allocator-size-preload-manager=33554432"
    "memorysetup-temp-allocator-size-nav-mesh-worker=65536"
    "memorysetup-temp-allocator-size-audio-worker=65536"
    "memorysetup-temp-allocator-size-cloud-worker=32768"
    "memorysetup-temp-allocator-size-gi-baking-worker=262144"
    "memorysetup-temp-allocator-size-gfx=262144"
Refreshing native plugins compatible for Editor in 115.11 ms, found 3 plugins.
Preloading 0 native plugins for Editor in 0.00 ms.
Initialize engine version: 2021.3.0f1 (6eacc8284459)
[Subsystems] Discovering subsystems at path D:/programs/UNITY_EDITORS/2021.3.0f1/Editor/Data/Resources/UnitySubsystems
[Subsystems] Discovering subsystems at path D:/projects/GitHub/SimpleUnityHelperScripts/SimpleUnityHelperScripts/Assets
GfxDevice: creating device client; threaded=0; jobified=0
Direct3D:
    Version:  Direct3D 11.0 [level 11.1]
    Renderer: NVIDIA GeForce GTX 1080 (ID=0x1be0)
    Vendor:   NVIDIA
    VRAM:     8079 MB
    Driver:   30.0.15.1215
Initialize mono
Mono path[0] = 'D:/programs/UNITY_EDITORS/2021.3.0f1/Editor/Data/Managed'
Mono path[1] = 'D:/programs/UNITY_EDITORS/2021.3.0f1/Editor/Data/MonoBleedingEdge/lib/mono/unityjit-win32'
Mono config path = 'D:/programs/UNITY_EDITORS/2021.3.0f1/Editor/Data/MonoBleedingEdge/etc'
Using monoOptions --debugger-agent=transport=dt_socket,embedding=1,server=y,suspend=n,address=127.0.0.1:56940
Begin MonoManager ReloadAssembly
Registering precompiled unity dll's ...
Register platform support module: D:/programs/UNITY_EDITORS/2021.3.0f1/Editor/Data/PlaybackEngines/AndroidPlayer/UnityEditor.Android.Extensions.dll
Register platform support module: D:/programs/UNITY_EDITORS/2021.3.0f1/Editor/Data/PlaybackEngines/WindowsStandaloneSupport/UnityEditor.WindowsStandalone.Extensions.dll
Registered in 0.004449 seconds.
Native extension for WindowsStandalone target not found
Native extension for Android target not found
Refreshing native plugins compatible for Editor in 108.69 ms, found 3 plugins.
Preloading 0 native plugins for Editor in 0.00 ms.
Mono: successfully reloaded assembly
- Completed reload, in  0.876 seconds
Domain Reload Profiling:
	ReloadAssembly (877ms)
		BeginReloadAssembly (124ms)
			ExecutionOrderSort (0ms)
			DisableScriptedObjects (0ms)
			BackupInstance (0ms)
			ReleaseScriptingObjects (0ms)
			CreateAndSetChildDomain (1ms)
		EndReloadAssembly (619ms)
			LoadAssemblies (125ms)
			RebuildTransferFunctionScriptingTraits (0ms)
			SetupTypeCache (153ms)
			ReleaseScriptCaches (0ms)
			RebuildScriptCaches (38ms)
			SetupLoadedEditorAssemblies (365ms)
				LogAssemblyErrors (0ms)
				InitializePlatformSupportModulesInManaged (74ms)
				SetLoadedEditorAssemblies (0ms)
				RefreshPlugins (109ms)
				BeforeProcessingInitializeOnLoad (1ms)
				ProcessInitializeOnLoadAttributes (124ms)
				ProcessInitializeOnLoadMethodAttributes (56ms)
				AfterProcessingInitializeOnLoad (0ms)
				EditorAssembliesLoaded (0ms)
			ExecutionOrderSort2 (0ms)
			AwakeInstancesAfterBackupRestoration (0ms)
Platform modules already initialized, skipping
Registering precompiled user dll's ...
Registered in 0.005381 seconds.
Android Extension - Scanning For ADB Devices 793 ms
Begin MonoManager ReloadAssembly
Symbol file LoadedFromMemory doesn't match image D:\projects\GitHub\SimpleUnityHelperScripts\SimpleUnityHelperScripts\Library\PackageCache\com.unity.visualscripting@1.7.6\Editor\VisualScripting.Core\Dependencies\YamlDotNet\Unity.VisualScripting.YamlDotNet.dll
Symbol file LoadedFromMemory is not a mono symbol file
Symbol file LoadedFromMemory doesn't match image D:\projects\GitHub\SimpleUnityHelperScripts\SimpleUnityHelperScripts\Library\PackageCache\com.unity.visualscripting@1.7.6\Editor\VisualScripting.Core\Dependencies\DotNetZip\Unity.VisualScripting.IonicZip.dll
Native extension for WindowsStandalone target not found
Native extension for Android target not found
Refreshing native plugins compatible for Editor in 0.59 ms, found 3 plugins.
Preloading 0 native plugins for Editor in 0.00 ms.
Mono: successfully reloaded assembly
- Completed reload, in  1.406 seconds
Domain Reload Profiling:
	ReloadAssembly (1407ms)
		BeginReloadAssembly (164ms)
			ExecutionOrderSort (0ms)
			DisableScriptedObjects (8ms)
			BackupInstance (0ms)
			ReleaseScriptingObjects (0ms)
			CreateAndSetChildDomain (27ms)
		EndReloadAssembly (1104ms)
			LoadAssemblies (140ms)
			RebuildTransferFunctionScriptingTraits (0ms)
			SetupTypeCache (371ms)
			ReleaseScriptCaches (1ms)
			RebuildScriptCaches (82ms)
			SetupLoadedEditorAssemblies (483ms)
				LogAssemblyErrors (0ms)
				InitializePlatformSupportModulesInManaged (17ms)
				SetLoadedEditorAssemblies (0ms)
				RefreshPlugins (1ms)
				BeforeProcessingInitializeOnLoad (113ms)
				ProcessInitializeOnLoadAttributes (320ms)
				ProcessInitializeOnLoadMethodAttributes (28ms)
				AfterProcessingInitializeOnLoad (4ms)
				EditorAssembliesLoaded (0ms)
			ExecutionOrderSort2 (0ms)
			AwakeInstancesAfterBackupRestoration (7ms)
Platform modules already initialized, skipping
========================================================================
Worker process is ready to serve import requests
Launched and connected shader compiler UnityShaderCompiler.exe after 0.09 seconds
Refreshing native plugins compatible for Editor in 0.57 ms, found 3 plugins.
Preloading 0 native plugins for Editor in 0.00 ms.
Unloading 3645 Unused Serialized files (Serialized files now loaded: 0)
Unloading 23 unused Assets / (112.1 KB). Loaded Objects now: 4107.
Memory consumption went from 123.2 MB to 123.1 MB.
Total: 3.290100 ms (FindLiveObjects: 0.364700 ms CreateObjectMapping: 0.279900 ms MarkObjects: 2.541900 ms  DeleteObjects: 0.102100 ms)

AssetImportParameters requested are different than current active one (requested -> active):
  custom:video-decoder-ogg-theora: a1e56fd34408186e4bbccfd4996cb3dc -> 
  custom:container-muxer-webm: aa71ff27fc2769a1b78a27578f13a17b -> 
  custom:container-demuxer-webm: 4f35f7cbe854078d1ac9338744f61a02 -> 
  custom:video-encoder-webm-vp8: eb34c28f22e8b96e1ab97ce403110664 -> 
  custom:video-codec-MediaFoundation-h265: 746d11721c4dcdbdad8f713fa42b33f4 -> 
  custom:audio-encoder-webm-vorbis: bf7c407c2cedff20999df2af8eb42d56 -> 
  custom:framework-win-MediaFoundation: 216162199b28c13a410421893ffa2e32 -> 
  custom:container-demuxer-ogg: 62fdf1f143b41e24485cea50d1cbac27 -> 
  custom:video-decoder-webm-vp8: 9c59270c3fd7afecdb556c50c9e8de78 -> 
  custom:audio-decoder-ogg-vorbis: bf7c407c2cedff20999df2af8eb42d56 -> 
========================================================================
Received Import Request.
  Time since last request: 1114088.817545 seconds.
  path: Assets/SUHScripts/_UNNASSIGNED/StringReadOnlyValueSO.cs
  artifactKey: Guid(a53ffd6aa4dfe2041a9e8ec9a6af7f6e) Importer(815301076,1909f56bfc062723c751e8b465ee728b)
Start importing Assets/SUHScripts/_UNNASSIGNED/StringReadOnlyValueSO.cs using Guid(a53ffd6aa4dfe2041a9e8ec9a6af7f6e) Importer(815301076,1909f56bfc062723c751e8b465ee728b)  -> (artifact id: '58d0663c9cb46ce60a33f5c576fc6f8c') in 0.042358 seconds 
========================================================================
Received Import Request.
  Time since last request: 0.015157 seconds.
  path: Assets/SUHScripts/Components/State/StateBinder.cs
  artifactKey: Guid(54c1f2fe69bb7b24c92db3db293561f0) Importer(815301076,1909f56bfc062723c751e8b465ee728b)
Start importing Assets/SUHScripts/Components/State/StateBinder.cs using Guid(54c1f2fe69bb7b24c92db3db293561f0) Importer(815301076,1909f56bfc062723c751e8b465ee728b)  -> (artifact id: '998f325ff19eff4d1c366300db610820') in 0.006491 seconds 
========================================================================
Received Import Request.
  Time since last request: 0.003252 seconds.
  path: Assets/SUHScripts/RX_EXT/Collision/2D/A_ColliderObservable2D.cs
  artifactKey: Guid(228cd75f5f8f1cd49b893c4acc78e6ce) Importer(815301076,1909f56bfc062723c751e8b465ee728b)
Start importing Assets/SUHScripts/RX_EXT/Collision/2D/A_ColliderObservable2D.cs using Guid(228cd75f5f8f1cd49b893c4acc78e6ce) Importer(815301076,1909f56bfc062723c751e8b465ee728b)  -> (artifact id: '72a8cf9fe54a9d8a6acf48e5dd3adffd') in 0.005990 seconds 
========================================================================
Received Import Request.
  Time since last request: 0.085886 seconds.
  path: Assets/SUHScripts/RX_EXT/_UNNASSIGNED/CustomAnimationEventObserver.cs
  artifactKey: Guid(020ae36dd060695418beec505a26d00c) Importer(815301076,1909f56bfc062723c751e8b465ee728b)
Start importing Assets/SUHScripts/RX_EXT/_UNNASSIGNED/CustomAnimationEventObserver.cs using Guid(020ae36dd060695418beec505a26d00c) Importer(815301076,1909f56bfc062723c751e8b465ee728b)  -> (artifact id: 'b337532714c78f6798d0db6705ac619c') in 0.005915 seconds 
========================================================================
Received Import Request.
  Time since last request: 0.137619 seconds.
  path: Assets/SUHScripts/_UNNASSIGNED/IDisposalSite.cs
  artifactKey: Guid(01d8f99686b268b4ca5904a9cf8861a9) Importer(815301076,1909f56bfc062723c751e8b465ee728b)
Start importing Assets/SUHScripts/_UNNASSIGNED/IDisposalSite.cs using Guid(01d8f99686b268b4ca5904a9cf8861a9) Importer(815301076,1909f56bfc062723c751e8b465ee728b)  -> (artifact id: '674d274d2beda6198f133b10d5d74915') in 0.006658 seconds 
========================================================================
Received Import Request.
  Time since last request: 0.046898 seconds.
  path: Assets/SUHScripts/Components/Registry/IRegistry.cs
  artifactKey: Guid(0cc8e7d23c84fec4c832114a51d7eae1) Importer(815301076,1909f56bfc062723c751e8b465ee728b)
Start importing Assets/SUHScripts/Components/Registry/IRegistry.cs using Guid(0cc8e7d23c84fec4c832114a51d7eae1) Importer(815301076,1909f56bfc062723c751e8b465ee728b)  -> (artifact id: '51e291ad863f0415fbb1afa59af9e02d') in 0.005354 seconds 
========================================================================
Received Import Request.
  Time since last request: 0.002991 seconds.
  path: Assets/SUHScripts/Components/Transition/ATransitionMonoBehaviourSubject.cs
  artifactKey: Guid(f2b72c648c8a4ff4dbc08d8696ab5be5) Importer(815301076,1909f56bfc062723c751e8b465ee728b)
Start importing Assets/SUHScripts/Components/Transition/ATransitionMonoBehaviourSubject.cs using Guid(f2b72c648c8a4ff4dbc08d8696ab5be5) Importer(815301076,1909f56bfc062723c751e8b465ee728b)  -> (artifact id: '989c1c22852123bc9a2e0b6908be83f1') in 0.006270 seconds 
========================================================================
Received Import Request.
  Time since last request: 0.034039 seconds.
  path: Assets/SUHScripts/RX_EXT/Collision/3D/CollisionObservableEffectOperations.cs
  artifactKey: Guid(0b67e3267149c204ca5436ec4ea3f2f2) Importer(815301076,1909f56bfc062723c751e8b465ee728b)
Start importing Assets/SUHScripts/RX_EXT/Collision/3D/CollisionObservableEffectOperations.cs using Guid(0b67e3267149c204ca5436ec4ea3f2f2) Importer(815301076,1909f56bfc062723c751e8b465ee728b)  -> (artifact id: 'f1b03346f58a3cda4c94367a47e82dfa') in 0.006645 seconds 
========================================================================
Received Import Request.
  Time since last request: 0.013474 seconds.
  path: Assets/SUHScripts/Components/ReadWrite/SimpleWriteValue.cs
  artifactKey: Guid(1212ca82ff4c35d4e9b2a754e4c66843) Importer(815301076,1909f56bfc062723c751e8b465ee728b)
Start importing Assets/SUHScripts/Components/ReadWrite/SimpleWriteValue.cs using Guid(1212ca82ff4c35d4e9b2a754e4c66843) Importer(815301076,1909f56bfc062723c751e8b465ee728b)  -> (artifact id: '04f7fd4853572405918c19ebcd7d4ede') in 0.005993 seconds 
========================================================================
Received Import Request.
  Time since last request: 0.064913 seconds.
  path: Assets/SUHScripts/Components/ReadWrite/IWriteValue.cs
  artifactKey: Guid(f3f5580f2bab46d469bdd34df51131d8) Importer(815301076,1909f56bfc062723c751e8b465ee728b)
Start importing Assets/SUHScripts/Components/ReadWrite/IWriteValue.cs using Guid(f3f5580f2bab46d469bdd34df51131d8) Importer(815301076,1909f56bfc062723c751e8b465ee728b)  -> (artifact id: '589fc5c3cdfb8d5b2d0c47f8eb25b013') in 0.006126 seconds 
========================================================================
Received Import Request.
  Time since last request: 0.134363 seconds.
  path: Assets/SUHScripts/Components/State/IStateTypeBinder.cs
  artifactKey: Guid(7c2c9da12569ad9469981c2bef3138f5) Importer(815301076,1909f56bfc062723c751e8b465ee728b)
Start importing Assets/SUHScripts/Components/State/IStateTypeBinder.cs using Guid(7c2c9da12569ad9469981c2bef3138f5) Importer(815301076,1909f56bfc062723c751e8b465ee728b)  -> (artifact id: '2c9b3e67e7f91ff2d25884c2acef713e') in 0.005599 seconds 
========================================================================
Received Import Request.
  Time since last request: 0.039563 seconds.
  path: Assets/SUHScripts/Utility/BallisticsUtility.cs
  artifactKey: Guid(f3917fd2368f1264e9dc42eee3817efa) Importer(815301076,1909f56bfc062723c751e8b465ee728b)
Start importing Assets/SUHScripts/Utility/BallisticsUtility.cs using Guid(f3917fd2368f1264e9dc42eee3817efa) Importer(815301076,1909f56bfc062723c751e8b465ee728b)  -> (artifact id: '4836a23ce9c30fd582661ead080d4d3b') in 0.005567 seconds 
========================================================================
Received Import Request.
  Time since last request: 0.030327 seconds.
  path: Assets/SUHScripts/Components/Registry/RegistryHashset.cs
  artifactKey: Guid(4ec271f92740af346933a0ae79d61e10) Importer(815301076,1909f56bfc062723c751e8b465ee728b)
Start importing Assets/SUHScripts/Components/Registry/RegistryHashset.cs using Guid(4ec271f92740af346933a0ae79d61e10) Importer(815301076,1909f56bfc062723c751e8b465ee728b)  -> (artifact id: '96c1d9d5e23eb71d50314e17ce9ca4c4') in 0.016037 seconds 
========================================================================
Received Import Request.
  Time since last request: 0.043033 seconds.
  path: Assets/SUHScripts/Components/ReadWrite/SimpleReadValue.cs
  artifactKey: Guid(d1bc7c1013a1dcb4ebb836fb914341ba) Importer(815301076,1909f56bfc062723c751e8b465ee728b)
Start importing Assets/SUHScripts/Components/ReadWrite/SimpleReadValue.cs using Guid(d1bc7c1013a1dcb4ebb836fb914341ba) Importer(815301076,1909f56bfc062723c751e8b465ee728b)  -> (artifact id: '44a2b89de6e7e86973626ae224cb780e') in 0.005620 seconds 
========================================================================
Received Import Request.
  Time since last request: 0.054974 seconds.
  path: Assets/SUHScripts/Components/NoiseOffsets/NoisePulse3D.cs
  artifactKey: Guid(d758a95641070b24684e5fade0e6063e) Importer(815301076,1909f56bfc062723c751e8b465ee728b)
Start importing Assets/SUHScripts/Components/NoiseOffsets/NoisePulse3D.cs using Guid(d758a95641070b24684e5fade0e6063e) Importer(815301076,1909f56bfc062723c751e8b465ee728b)  -> (artifact id: 'dd9490284ad1c7397860188095f7f171') in 0.006561 seconds 
========================================================================
Received Import Request.
  Time since last request: 0.005815 seconds.
  path: Assets/SUHScripts/RX_EXT/Collision/2D/CollisionObservableEffectModels.cs
  artifactKey: Guid(8aaf5797d4a20954089593389586094e) Importer(815301076,1909f56bfc062723c751e8b465ee728b)
Start importing Assets/SUHScripts/RX_EXT/Collision/2D/CollisionObservableEffectModels.cs using Guid(8aaf5797d4a20954089593389586094e) Importer(815301076,1909f56bfc062723c751e8b465ee728b)  -> (artifact id: 'b7f80676c25539a18b696d27c86efb57') in 0.005851 seconds 
========================================================================
Received Import Request.
  Time since last request: 0.095095 seconds.
  path: Assets/SUHScripts/_UNNASSIGNED/DisposalSiteSubject.cs
  artifactKey: Guid(74e5d9d7c06539a4b93a34161f54a09b) Importer(815301076,1909f56bfc062723c751e8b465ee728b)
Start importing Assets/SUHScripts/_UNNASSIGNED/DisposalSiteSubject.cs using Guid(74e5d9d7c06539a4b93a34161f54a09b) Importer(815301076,1909f56bfc062723c751e8b465ee728b)  -> (artifact id: '403537b284fc403b46e6ede4847d6428') in 0.014294 seconds 
========================================================================
Received Import Request.
  Time since last request: 0.003249 seconds.
  path: Assets/SUHScripts/Components/ReadWrite/IReadValue.cs
  artifactKey: Guid(28301677050711c41bab6ea8886c9f02) Importer(815301076,1909f56bfc062723c751e8b465ee728b)
Start importing Assets/SUHScripts/Components/ReadWrite/IReadValue.cs using Guid(28301677050711c41bab6ea8886c9f02) Importer(815301076,1909f56bfc062723c751e8b465ee728b)  -> (artifact id: 'e3122b5c0486ca37cc6eb811f5c115d9') in 0.010111 seconds 
========================================================================
Received Import Request.
  Time since last request: 0.021672 seconds.
  path: Assets/SUHScripts/Components/ReadWrite/ActionWriteValue.cs
  artifactKey: Guid(0983f0a0bdf43934bae4d3fe552a6fe2) Importer(815301076,1909f56bfc062723c751e8b465ee728b)
Start importing Assets/SUHScripts/Components/ReadWrite/ActionWriteValue.cs using Guid(0983f0a0bdf43934bae4d3fe552a6fe2) Importer(815301076,1909f56bfc062723c751e8b465ee728b)  -> (artifact id: '0f90728e190ef9a1ce019c885ed4c3df') in 0.005942 seconds 
========================================================================
Received Import Request.
  Time since last request: 0.021038 seconds.
  path: Assets/SUHScripts/Utility/InterfaceUtils.cs
  artifactKey: Guid(2921ebf50a209784aa1ea86e33374028) Importer(815301076,1909f56bfc062723c751e8b465ee728b)
Start importing Assets/SUHScripts/Utility/InterfaceUtils.cs using Guid(2921ebf50a209784aa1ea86e33374028) Importer(815301076,1909f56bfc062723c751e8b465ee728b)  -> (artifact id: 'd4cb5d64ca6c35c3aed7c255c9e47eaf') in 0.006099 seconds 
========================================================================
Received Import Request.
  Time since last request: 0.059575 seconds.
  path: Assets/SUHScripts/Utility/Math/AngleHelpers.cs
  artifactKey: Guid(ee4f1e94b3f4f2c45830f48509449a46) Importer(815301076,1909f56bfc062723c751e8b465ee728b)
Start importing Assets/SUHScripts/Utility/Math/AngleHelpers.cs using Guid(ee4f1e94b3f4f2c45830f48509449a46) Importer(815301076,1909f56bfc062723c751e8b465ee728b)  -> (artifact id: 'e0ec5529400114f83bc20595f7f5a977') in 0.005995 seconds 
========================================================================
Received Import Request.
  Time since last request: 0.062852 seconds.
  path: Assets/SUHScripts/Components/Transition/ATransitionMonoBehaviour.cs
  artifactKey: Guid(a25da8d2a0cbff845b26dc286865084e) Importer(815301076,1909f56bfc062723c751e8b465ee728b)
Start importing Assets/SUHScripts/Components/Transition/ATransitionMonoBehaviour.cs using Guid(a25da8d2a0cbff845b26dc286865084e) Importer(815301076,1909f56bfc062723c751e8b465ee728b)  -> (artifact id: 'e6b7387963c8bc68b389d609f953cd5e') in 0.005266 seconds 
========================================================================
Received Import Request.
  Time since last request: 0.135743 seconds.
  path: Assets/SUHScripts/RX_EXT/EventsAndRequests/EventSubjectSource.cs
  artifactKey: Guid(d5fde450767dbba47b115b28fd8e995c) Importer(815301076,1909f56bfc062723c751e8b465ee728b)
Start importing Assets/SUHScripts/RX_EXT/EventsAndRequests/EventSubjectSource.cs using Guid(d5fde450767dbba47b115b28fd8e995c) Importer(815301076,1909f56bfc062723c751e8b465ee728b)  -> (artifact id: '88bd666cd5827393cc98beb0de0248cf') in 0.006280 seconds 
========================================================================
Received Import Request.
  Time since last request: 0.109079 seconds.
  path: Assets/SUHScripts/Components/NoiseOffsets/NoiseConstant.cs
  artifactKey: Guid(54b17d3c19fce3d47aac2f36de56bb0b) Importer(815301076,1909f56bfc062723c751e8b465ee728b)
Start importing Assets/SUHScripts/Components/NoiseOffsets/NoiseConstant.cs using Guid(54b17d3c19fce3d47aac2f36de56bb0b) Importer(815301076,1909f56bfc062723c751e8b465ee728b)  -> (artifact id: 'af90958df8fea8eacc8344d7f2b3a444') in 0.005487 seconds 
========================================================================
Received Import Request.
  Time since last request: 0.045637 seconds.
  path: Assets/SUHScripts/RX_EXT/Extensions/Operations/OBV_SingleSelectExt.cs
  artifactKey: Guid(106d2632c41d8de4f8433ba1f5d93845) Importer(815301076,1909f56bfc062723c751e8b465ee728b)
Start importing Assets/SUHScripts/RX_EXT/Extensions/Operations/OBV_SingleSelectExt.cs using Guid(106d2632c41d8de4f8433ba1f5d93845) Importer(815301076,1909f56bfc062723c751e8b465ee728b)  -> (artifact id: 'dd387ffc69873f769486f276c32277f6') in 0.008721 seconds 
========================================================================
Received Import Request.
  Time since last request: 0.063051 seconds.
  path: Assets/SUHScripts/Components/ReadWrite/SimpleReadWriteValue.cs
  artifactKey: Guid(4a2ea2650151088479379bf013827fad) Importer(815301076,1909f56bfc062723c751e8b465ee728b)
Start importing Assets/SUHScripts/Components/ReadWrite/SimpleReadWriteValue.cs using Guid(4a2ea2650151088479379bf013827fad) Importer(815301076,1909f56bfc062723c751e8b465ee728b)  -> (artifact id: '7efc75fecb54360d32c78f95ddac30ff') in 0.005803 seconds 
========================================================================
Received Import Request.
  Time since last request: 0.017453 seconds.
  path: Assets/SUHScripts/Components/Transition/TransitionUISimple.cs
  artifactKey: Guid(fb29a3f79afa40642ba7f39afc7c9810) Importer(815301076,1909f56bfc062723c751e8b465ee728b)
Start importing Assets/SUHScripts/Components/Transition/TransitionUISimple.cs using Guid(fb29a3f79afa40642ba7f39afc7c9810) Importer(815301076,1909f56bfc062723c751e8b465ee728b)  -> (artifact id: '7a5906692f6a60910e3929d71b846585') in 0.006385 seconds 
========================================================================
Received Import Request.
  Time since last request: 0.035101 seconds.
  path: Assets/SUHScripts/Components/ReadWrite/FunctionReadValue.cs
  artifactKey: Guid(e2c0908a0a2bc6c4fba25e265dfb20ea) Importer(815301076,1909f56bfc062723c751e8b465ee728b)
Start importing Assets/SUHScripts/Components/ReadWrite/FunctionReadValue.cs using Guid(e2c0908a0a2bc6c4fba25e265dfb20ea) Importer(815301076,1909f56bfc062723c751e8b465ee728b)  -> (artifact id: 'e8ae8b63a02550962cca07e2da24d352') in 0.017628 seconds 
========================================================================
Received Import Request.
  Time since last request: 0.119753 seconds.
  path: Assets/SUHScripts/Components/Registry/RegistryList.cs
  artifactKey: Guid(1cd249280f1eba14f99bbd48b362174d) Importer(815301076,1909f56bfc062723c751e8b465ee728b)
Start importing Assets/SUHScripts/Components/Registry/RegistryList.cs using Guid(1cd249280f1eba14f99bbd48b362174d) Importer(815301076,1909f56bfc062723c751e8b465ee728b)  -> (artifact id: 'c3f5d313c11c43f1d929e67e63df08b7') in 0.005867 seconds 
========================================================================
Received Import Request.
  Time since last request: 0.037456 seconds.
  path: Assets/SUHScripts/Components/State/StateTypeBinder.cs
  artifactKey: Guid(1422d6cf92ffbe1418502d9ee071d293) Importer(815301076,1909f56bfc062723c751e8b465ee728b)
Start importing Assets/SUHScripts/Components/State/StateTypeBinder.cs using Guid(1422d6cf92ffbe1418502d9ee071d293) Importer(815301076,1909f56bfc062723c751e8b465ee728b)  -> (artifact id: 'c2117fcf17e56b786eb8c92fd854e673') in 0.005455 seconds 
========================================================================
Received Import Request.
  Time since last request: 0.024652 seconds.
  path: Assets/SUHScripts/RX_EXT/_UNNASSIGNED/StaticIDMap.cs
  artifactKey: Guid(c42cec1866138f142b067b1ed1eb791a) Importer(815301076,1909f56bfc062723c751e8b465ee728b)
Start importing Assets/SUHScripts/RX_EXT/_UNNASSIGNED/StaticIDMap.cs using Guid(c42cec1866138f142b067b1ed1eb791a) Importer(815301076,1909f56bfc062723c751e8b465ee728b)  -> (artifact id: '67e0ebca145270a58a4891623f7651fb') in 0.005686 seconds 
========================================================================
Received Import Request.
  Time since last request: 0.472545 seconds.
  path: Assets/SUHScripts/Components/State/IStateBinder.cs
  artifactKey: Guid(8d2b0e977500b6d48b8e66b4b9977583) Importer(815301076,1909f56bfc062723c751e8b465ee728b)
Start importing Assets/SUHScripts/Components/State/IStateBinder.cs using Guid(8d2b0e977500b6d48b8e66b4b9977583) Importer(815301076,1909f56bfc062723c751e8b465ee728b)  -> (artifact id: 'dda2dbb1b5f6de018bc147c276a76993') in 0.005947 seconds 
========================================================================
Received Import Request.
  Time since last request: 0.024672 seconds.
  path: Assets/SUHScripts/Components/NoiseOffsets/NoiseProcessor3D.cs
  artifactKey: Guid(84db47ad985e4274f882115cf05e606a) Importer(815301076,1909f56bfc062723c751e8b465ee728b)
Start importing Assets/SUHScripts/Components/NoiseOffsets/NoiseProcessor3D.cs using Guid(84db47ad985e4274f882115cf05e606a) Importer(815301076,1909f56bfc062723c751e8b465ee728b)  -> (artifact id: '74a0860f0856e371d78d23b9da936d48') in 0.006844 seconds 
========================================================================
Received Import Request.
  Time since last request: 0.004410 seconds.
  path: Assets/SUHScripts/RX_EXT/Collision/2D/M_ColliderObservable2D.cs
  artifactKey: Guid(162a407d85c67bf43848acc330359e88) Importer(815301076,1909f56bfc062723c751e8b465ee728b)
Start importing Assets/SUHScripts/RX_EXT/Collision/2D/M_ColliderObservable2D.cs using Guid(162a407d85c67bf43848acc330359e88) Importer(815301076,1909f56bfc062723c751e8b465ee728b)  -> (artifact id: '9df5bf58a1c420f9684d62f05732510b') in 0.006575 seconds 
